-------------------------------------------------------------------------------
Test set: io.strandberg.jta.examples.PersonServiceTest
-------------------------------------------------------------------------------
Tests run: 1, Failures: 0, Errors: 1, Skipped: 0, Time elapsed: 22.202 sec <<< FAILURE!
testCamelRoute(io.strandberg.jta.examples.PersonServiceTest)  Time elapsed: 0.058 sec  <<< ERROR!
org.apache.camel.FailedToStartRouteException: Failed to start route route4 because of Multiple consumers for the same endpoint is not allowed: Endpoint[file://C:/Users/Anurag/Downloads/atomikos-jta-camel-jpa-jms-example-master/target/outbox/dvd]
	at org.apache.camel.impl.DefaultCamelContext.doStartOrResumeRouteConsumers(DefaultCamelContext.java:2288)
	at org.apache.camel.impl.DefaultCamelContext.doStartRouteConsumers(DefaultCamelContext.java:2245)
	at org.apache.camel.impl.DefaultCamelContext.safelyStartRouteServices(DefaultCamelContext.java:2175)
	at org.apache.camel.impl.DefaultCamelContext.safelyStartRouteServices(DefaultCamelContext.java:2188)
	at org.apache.camel.impl.DefaultCamelContext.startRouteService(DefaultCamelContext.java:2065)
	at org.apache.camel.impl.DefaultCamelContext.startRoute(DefaultCamelContext.java:780)
	at org.apache.camel.impl.DefaultCamelContext.startRouteDefinitions(DefaultCamelContext.java:2041)
	at org.apache.camel.impl.DefaultCamelContext.addRouteDefinitions(DefaultCamelContext.java:715)
	at org.apache.camel.builder.RouteBuilder.populateRoutes(RouteBuilder.java:337)
	at org.apache.camel.builder.RouteBuilder.addRoutesToCamelContext(RouteBuilder.java:264)
	at org.apache.camel.impl.DefaultCamelContext.addRoutes(DefaultCamelContext.java:677)
	at io.strandberg.jta.examples.PersonServiceTest.testCamelRoute(PersonServiceTest.java:37)
	at sun.reflect.NativeMethodAccessorImpl.invoke0(Native Method)
	at sun.reflect.NativeMethodAccessorImpl.invoke(NativeMethodAccessorImpl.java:62)
	at sun.reflect.DelegatingMethodAccessorImpl.invoke(DelegatingMethodAccessorImpl.java:43)
	at java.lang.reflect.Method.invoke(Method.java:498)
	at org.junit.runners.model.FrameworkMethod$1.runReflectiveCall(FrameworkMethod.java:47)
	at org.junit.internal.runners.model.ReflectiveCallable.run(ReflectiveCallable.java:12)
	at org.junit.runners.model.FrameworkMethod.invokeExplosively(FrameworkMethod.java:44)
	at org.junit.internal.runners.statements.InvokeMethod.evaluate(InvokeMethod.java:17)
	at org.springframework.test.context.junit4.statements.RunBeforeTestMethodCallbacks.evaluate(RunBeforeTestMethodCallbacks.java:73)
	at org.springframework.test.context.junit4.statements.RunAfterTestMethodCallbacks.evaluate(RunAfterTestMethodCallbacks.java:82)
	at org.springframework.test.context.junit4.statements.SpringRepeat.evaluate(SpringRepeat.java:73)
	at org.junit.runners.ParentRunner.runLeaf(ParentRunner.java:271)
	at org.springframework.test.context.junit4.SpringJUnit4ClassRunner.runChild(SpringJUnit4ClassRunner.java:224)
	at org.springframework.test.context.junit4.SpringJUnit4ClassRunner.runChild(SpringJUnit4ClassRunner.java:83)
	at org.junit.runners.ParentRunner$3.run(ParentRunner.java:238)
	at org.junit.runners.ParentRunner$1.schedule(ParentRunner.java:63)
	at org.junit.runners.ParentRunner.runChildren(ParentRunner.java:236)
	at org.junit.runners.ParentRunner.access$000(ParentRunner.java:53)
	at org.junit.runners.ParentRunner$2.evaluate(ParentRunner.java:229)
	at org.springframework.test.context.junit4.statements.RunBeforeTestClassCallbacks.evaluate(RunBeforeTestClassCallbacks.java:61)
	at org.springframework.test.context.junit4.statements.RunAfterTestClassCallbacks.evaluate(RunAfterTestClassCallbacks.java:68)
	at org.junit.runners.ParentRunner.run(ParentRunner.java:309)
	at org.springframework.test.context.junit4.SpringJUnit4ClassRunner.run(SpringJUnit4ClassRunner.java:163)
	at org.apache.maven.surefire.junit4.JUnit4Provider.execute(JUnit4Provider.java:252)
	at org.apache.maven.surefire.junit4.JUnit4Provider.executeTestSet(JUnit4Provider.java:141)
	at org.apache.maven.surefire.junit4.JUnit4Provider.invoke(JUnit4Provider.java:112)
	at sun.reflect.NativeMethodAccessorImpl.invoke0(Native Method)
	at sun.reflect.NativeMethodAccessorImpl.invoke(NativeMethodAccessorImpl.java:62)
	at sun.reflect.DelegatingMethodAccessorImpl.invoke(DelegatingMethodAccessorImpl.java:43)
	at java.lang.reflect.Method.invoke(Method.java:498)
	at org.apache.maven.surefire.util.ReflectionUtils.invokeMethodWithArray(ReflectionUtils.java:189)
	at org.apache.maven.surefire.booter.ProviderFactory$ProviderProxy.invoke(ProviderFactory.java:165)
	at org.apache.maven.surefire.booter.ProviderFactory.invokeProvider(ProviderFactory.java:85)
	at org.apache.maven.surefire.booter.ForkedBooter.runSuitesInProcess(ForkedBooter.java:115)
	at org.apache.maven.surefire.booter.ForkedBooter.main(ForkedBooter.java:75)

